[2.261s] DEBUG:colcon:Command line arguments: ['/usr/bin/colcon', 'list', '-p', '--base-paths', '/home/iker/pruebaderos/src']
[2.261s] DEBUG:colcon:Parsed command line arguments: Namespace(log_base=None, log_level=None, verb_name='list', build_base='build', ignore_user_meta=False, metas=['./colcon.meta'], base_paths=['/home/iker/pruebaderos/src'], packages_ignore=None, packages_ignore_regex=None, paths=None, packages_up_to=None, packages_up_to_regex=None, packages_above=None, packages_above_and_dependencies=None, packages_above_depth=None, packages_select_by_dep=None, packages_skip_by_dep=None, packages_skip_up_to=None, packages_select_build_failed=False, packages_skip_build_finished=False, packages_select_test_failures=False, packages_skip_test_passed=False, packages_select=None, packages_skip=None, packages_select_regex=None, packages_skip_regex=None, packages_start=None, packages_end=None, allow_overriding=[], topological_order=False, names_only=False, paths_only=True, topological_graph=False, topological_graph_dot=False, topological_graph_density=False, topological_graph_legend=False, topological_graph_dot_cluster=False, topological_graph_dot_include_skipped=False, verb_parser=<colcon_defaults.argument_parser.defaults.DefaultArgumentsDecorator object at 0x74e4e8934b80>, verb_extension=<colcon_package_information.verb.list.ListVerb object at 0x74e4e89365c0>, main=<bound method ListVerb.main of <colcon_package_information.verb.list.ListVerb object at 0x74e4e89365c0>>)
[2.321s] Level 1:colcon.colcon_core.package_discovery:discover_packages(colcon_meta) check parameters
[2.321s] Level 1:colcon.colcon_core.package_discovery:discover_packages(recursive) check parameters
[2.321s] Level 1:colcon.colcon_core.package_discovery:discover_packages(ignore) check parameters
[2.321s] Level 1:colcon.colcon_core.package_discovery:discover_packages(path) check parameters
[2.321s] Level 1:colcon.colcon_core.package_discovery:discover_packages(recursive) discover
[2.321s] INFO:colcon.colcon_core.package_discovery:Crawling recursively for packages in '/home/iker/pruebaderos/src'
[2.323s] Level 1:colcon.colcon_core.package_identification:_identify(/home/iker/pruebaderos/src) by extensions ['ignore', 'ignore_ament_install']
[2.323s] Level 1:colcon.colcon_core.package_identification:_identify(/home/iker/pruebaderos/src) by extension 'ignore'
[2.323s] Level 1:colcon.colcon_core.package_identification:_identify(/home/iker/pruebaderos/src) by extension 'ignore_ament_install'
[2.323s] Level 1:colcon.colcon_core.package_identification:_identify(/home/iker/pruebaderos/src) by extensions ['colcon_pkg']
[2.323s] Level 1:colcon.colcon_core.package_identification:_identify(/home/iker/pruebaderos/src) by extension 'colcon_pkg'
[2.323s] Level 1:colcon.colcon_core.package_identification:_identify(/home/iker/pruebaderos/src) by extensions ['colcon_meta']
[2.323s] Level 1:colcon.colcon_core.package_identification:_identify(/home/iker/pruebaderos/src) by extension 'colcon_meta'
[2.323s] Level 1:colcon.colcon_core.package_identification:_identify(/home/iker/pruebaderos/src) by extensions ['ros']
[2.323s] Level 1:colcon.colcon_core.package_identification:_identify(/home/iker/pruebaderos/src) by extension 'ros'
[2.334s] Level 1:colcon.colcon_core.package_identification:_identify(/home/iker/pruebaderos/src) by extensions ['cmake', 'python']
[2.334s] Level 1:colcon.colcon_core.package_identification:_identify(/home/iker/pruebaderos/src) by extension 'cmake'
[2.335s] Level 1:colcon.colcon_core.package_identification:_identify(/home/iker/pruebaderos/src) by extension 'python'
[2.335s] Level 1:colcon.colcon_core.package_identification:_identify(/home/iker/pruebaderos/src) by extensions ['python_setup_py']
[2.335s] Level 1:colcon.colcon_core.package_identification:_identify(/home/iker/pruebaderos/src) by extension 'python_setup_py'
[2.335s] Level 1:colcon.colcon_core.package_identification:_identify(/home/iker/pruebaderos/src/log) by extensions ['ignore', 'ignore_ament_install']
[2.335s] Level 1:colcon.colcon_core.package_identification:_identify(/home/iker/pruebaderos/src/log) by extension 'ignore'
[2.335s] Level 1:colcon.colcon_core.package_identification:_identify(/home/iker/pruebaderos/src/log) ignored
[2.335s] Level 1:colcon.colcon_core.package_identification:_identify(/home/iker/pruebaderos/src/planner) by extensions ['ignore', 'ignore_ament_install']
[2.336s] Level 1:colcon.colcon_core.package_identification:_identify(/home/iker/pruebaderos/src/planner) by extension 'ignore'
[2.336s] Level 1:colcon.colcon_core.package_identification:_identify(/home/iker/pruebaderos/src/planner) by extension 'ignore_ament_install'
[2.336s] Level 1:colcon.colcon_core.package_identification:_identify(/home/iker/pruebaderos/src/planner) by extensions ['colcon_pkg']
[2.336s] Level 1:colcon.colcon_core.package_identification:_identify(/home/iker/pruebaderos/src/planner) by extension 'colcon_pkg'
[2.336s] Level 1:colcon.colcon_core.package_identification:_identify(/home/iker/pruebaderos/src/planner) by extensions ['colcon_meta']
[2.336s] Level 1:colcon.colcon_core.package_identification:_identify(/home/iker/pruebaderos/src/planner) by extension 'colcon_meta'
[2.336s] Level 1:colcon.colcon_core.package_identification:_identify(/home/iker/pruebaderos/src/planner) by extensions ['ros']
[2.336s] Level 1:colcon.colcon_core.package_identification:_identify(/home/iker/pruebaderos/src/planner) by extension 'ros'
[2.340s] DEBUG:colcon.colcon_core.package_identification:Package '/home/iker/pruebaderos/src/planner' with type 'ros.ament_python' and name 'planner'
[2.340s] Level 1:colcon.colcon_core.package_identification:_identify(/home/iker/pruebaderos/src/planning_algorithm) by extensions ['ignore', 'ignore_ament_install']
[2.340s] Level 1:colcon.colcon_core.package_identification:_identify(/home/iker/pruebaderos/src/planning_algorithm) by extension 'ignore'
[2.340s] Level 1:colcon.colcon_core.package_identification:_identify(/home/iker/pruebaderos/src/planning_algorithm) by extension 'ignore_ament_install'
[2.341s] Level 1:colcon.colcon_core.package_identification:_identify(/home/iker/pruebaderos/src/planning_algorithm) by extensions ['colcon_pkg']
[2.341s] Level 1:colcon.colcon_core.package_identification:_identify(/home/iker/pruebaderos/src/planning_algorithm) by extension 'colcon_pkg'
[2.341s] Level 1:colcon.colcon_core.package_identification:_identify(/home/iker/pruebaderos/src/planning_algorithm) by extensions ['colcon_meta']
[2.341s] Level 1:colcon.colcon_core.package_identification:_identify(/home/iker/pruebaderos/src/planning_algorithm) by extension 'colcon_meta'
[2.341s] Level 1:colcon.colcon_core.package_identification:_identify(/home/iker/pruebaderos/src/planning_algorithm) by extensions ['ros']
[2.341s] Level 1:colcon.colcon_core.package_identification:_identify(/home/iker/pruebaderos/src/planning_algorithm) by extension 'ros'
[2.342s] DEBUG:colcon.colcon_core.package_identification:Package '/home/iker/pruebaderos/src/planning_algorithm' with type 'ros.ament_python' and name 'planning_algorithm'
[2.342s] Level 1:colcon.colcon_core.package_identification:_identify(/home/iker/pruebaderos/src/sim_msgs) by extensions ['ignore', 'ignore_ament_install']
[2.342s] Level 1:colcon.colcon_core.package_identification:_identify(/home/iker/pruebaderos/src/sim_msgs) by extension 'ignore'
[2.342s] Level 1:colcon.colcon_core.package_identification:_identify(/home/iker/pruebaderos/src/sim_msgs) by extension 'ignore_ament_install'
[2.342s] Level 1:colcon.colcon_core.package_identification:_identify(/home/iker/pruebaderos/src/sim_msgs) by extensions ['colcon_pkg']
[2.342s] Level 1:colcon.colcon_core.package_identification:_identify(/home/iker/pruebaderos/src/sim_msgs) by extension 'colcon_pkg'
[2.342s] Level 1:colcon.colcon_core.package_identification:_identify(/home/iker/pruebaderos/src/sim_msgs) by extensions ['colcon_meta']
[2.342s] Level 1:colcon.colcon_core.package_identification:_identify(/home/iker/pruebaderos/src/sim_msgs) by extension 'colcon_meta'
[2.342s] Level 1:colcon.colcon_core.package_identification:_identify(/home/iker/pruebaderos/src/sim_msgs) by extensions ['ros']
[2.342s] Level 1:colcon.colcon_core.package_identification:_identify(/home/iker/pruebaderos/src/sim_msgs) by extension 'ros'
[2.343s] DEBUG:colcon.colcon_core.package_identification:Package '/home/iker/pruebaderos/src/sim_msgs' with type 'ros.ament_cmake' and name 'sim_msgs'
[2.343s] Level 1:colcon.colcon_core.package_identification:_identify(/home/iker/pruebaderos/src/simplesim) by extensions ['ignore', 'ignore_ament_install']
[2.343s] Level 1:colcon.colcon_core.package_identification:_identify(/home/iker/pruebaderos/src/simplesim) by extension 'ignore'
[2.343s] Level 1:colcon.colcon_core.package_identification:_identify(/home/iker/pruebaderos/src/simplesim) by extension 'ignore_ament_install'
[2.343s] Level 1:colcon.colcon_core.package_identification:_identify(/home/iker/pruebaderos/src/simplesim) by extensions ['colcon_pkg']
[2.344s] Level 1:colcon.colcon_core.package_identification:_identify(/home/iker/pruebaderos/src/simplesim) by extension 'colcon_pkg'
[2.344s] Level 1:colcon.colcon_core.package_identification:_identify(/home/iker/pruebaderos/src/simplesim) by extensions ['colcon_meta']
[2.344s] Level 1:colcon.colcon_core.package_identification:_identify(/home/iker/pruebaderos/src/simplesim) by extension 'colcon_meta'
[2.344s] Level 1:colcon.colcon_core.package_identification:_identify(/home/iker/pruebaderos/src/simplesim) by extensions ['ros']
[2.344s] Level 1:colcon.colcon_core.package_identification:_identify(/home/iker/pruebaderos/src/simplesim) by extension 'ros'
[2.344s] DEBUG:colcon.colcon_core.package_identification:Package '/home/iker/pruebaderos/src/simplesim' with type 'ros.ament_python' and name 'simplesim'
[2.344s] Level 1:colcon.colcon_core.package_identification:_identify(/home/iker/pruebaderos/src/syst_msgs) by extensions ['ignore', 'ignore_ament_install']
[2.345s] Level 1:colcon.colcon_core.package_identification:_identify(/home/iker/pruebaderos/src/syst_msgs) by extension 'ignore'
[2.345s] Level 1:colcon.colcon_core.package_identification:_identify(/home/iker/pruebaderos/src/syst_msgs) by extension 'ignore_ament_install'
[2.345s] Level 1:colcon.colcon_core.package_identification:_identify(/home/iker/pruebaderos/src/syst_msgs) by extensions ['colcon_pkg']
[2.345s] Level 1:colcon.colcon_core.package_identification:_identify(/home/iker/pruebaderos/src/syst_msgs) by extension 'colcon_pkg'
[2.345s] Level 1:colcon.colcon_core.package_identification:_identify(/home/iker/pruebaderos/src/syst_msgs) by extensions ['colcon_meta']
[2.345s] Level 1:colcon.colcon_core.package_identification:_identify(/home/iker/pruebaderos/src/syst_msgs) by extension 'colcon_meta'
[2.345s] Level 1:colcon.colcon_core.package_identification:_identify(/home/iker/pruebaderos/src/syst_msgs) by extensions ['ros']
[2.345s] Level 1:colcon.colcon_core.package_identification:_identify(/home/iker/pruebaderos/src/syst_msgs) by extension 'ros'
[2.346s] DEBUG:colcon.colcon_core.package_identification:Package '/home/iker/pruebaderos/src/syst_msgs' with type 'ros.ament_cmake' and name 'syst_msgs'
[2.346s] Level 1:colcon.colcon_core.package_discovery:discover_packages(recursive) using defaults
